<?xml version="1.0" encoding="UTF-8"?>
<!-- Generated by org.testng.reporters.JUnitReportReporter -->
<testsuite hostname="LAPTOP-FB3E7NT5" failures="0" tests="1" name="test.ReadPropertiesFile" time="0.011" errors="0" timestamp="2022-05-12T18:30:16 IST" skipped="0">
  <testcase classname="test.ReadPropertiesFile" name="read" time="0.011"/>
  <system-out/>
</testsuite> <!-- test.ReadPropertiesFile -->
