<?xml version="1.0" encoding="UTF-8"?>
<!-- Generated by org.testng.reporters.JUnitReportReporter -->
<testsuite hostname="LAPTOP-FB3E7NT5" failures="0" tests="3" name="test.Day4" time="0.014" errors="0" timestamp="2022-05-12T17:09:59 IST" skipped="0">
  <testcase classname="test.Day4" name="LoginApiCarLoan" time="0.005"/>
  <system-out/>
  <testcase classname="test.Day4" name="mobileLoginCarLoan" time="0.005"/>
  <system-out/>
  <testcase classname="test.Day4" name="webLoginCarLoan" time="0.004"/>
  <system-out/>
</testsuite> <!-- test.Day4 -->
