<?xml version="1.0" encoding="UTF-8"?>
<!-- Generated by org.testng.reporters.JUnitReportReporter -->
<testsuite hostname="LAPTOP-FB3E7NT5" failures="0" tests="3" name="test.Day5" time="0.011" errors="0" timestamp="2022-05-12T17:09:59 IST" skipped="0">
  <testcase classname="test.Day5" name="dataProviderTest" time="0.001"/>
  <system-out/>
  <testcase classname="test.Day5" name="dataProviderTest" time="0.005"/>
  <system-out/>
  <testcase classname="test.Day5" name="dataProviderTest" time="0.005"/>
  <system-out/>
</testsuite> <!-- test.Day5 -->
