<?xml version="1.0" encoding="UTF-8"?>
<!-- Generated by org.testng.reporters.JUnitReportReporter -->
<testsuite hostname="LAPTOP-FB3E7NT5" failures="0" tests="2" name="test.Day2" time="0.005" errors="0" timestamp="2022-05-12T17:09:59 IST" skipped="0">
  <testcase classname="test.Day2" name="A" time="0.002"/>
  <system-out/>
  <testcase classname="test.Day2" name="B" time="0.003"/>
  <system-out/>
</testsuite> <!-- test.Day2 -->
