<?xml version="1.0" encoding="UTF-8"?>
<!-- Generated by org.testng.reporters.JUnitReportReporter -->
<testsuite hostname="LAPTOP-FB3E7NT5" failures="0" tests="3" name="test.Day3" time="0.008" errors="0" timestamp="2022-05-12T17:09:59 IST" skipped="0">
  <testcase classname="test.Day3" name="loginApiHomeLoan" time="0.002"/>
  <system-out/>
  <testcase classname="test.Day3" name="mobileLoginHomeLoan" time="0.002"/>
  <system-out/>
  <testcase classname="test.Day3" name="webLoginHomeLoan" time="0.004"/>
  <system-out/>
</testsuite> <!-- test.Day3 -->
